2021-07-01 23:18:11,785  - WARNING - waaddup
2021-07-01 23:18:41,145  - CRITICAL - waaddup
2021-07-01 23:20:30,995  - INFO - waaddup
2021-07-01 23:52:22,781  - INFO - Loaded the data from 2021-01-01 00:00:00 to 2021-06-30 00:00:00
2021-07-01 23:58:07,551  - INFO - Updating csv file...
2021-07-01 23:58:07,795  - INFO - Loaded the data from 2021-06-29 00:00:00 to 2021-07-01 23:58:07.551600
2021-07-01 23:59:56,239  - INFO - Updating csv file...
2021-07-01 23:59:56,810  - INFO - Loaded the data from 2021-06-29 00:00:00 to 2021-07-01 23:59:56.239241
2021-07-02 00:02:50,877  - INFO - Updating csv file...
2021-07-02 00:02:51,122  - INFO - Loaded the data from 2021-06-29 00:00:00 to 2021-07-02 00:02:50.877622
2021-07-02 00:04:16,188  - INFO - Updating csv file...
2021-07-02 00:04:16,438  - INFO - Loaded the data from 2021-06-29 00:00:00 to 2021-07-02 00:04:16.188731
2021-07-05 19:48:45,897  - INFO - Loaded the data from 2021-01-01 00:00:00 to 2021-06-30 00:00:00
2021-07-05 19:52:18,061  - INFO - Loaded the data from 2021-01-01 00:00:00 to 2021-06-30 00:00:00
2021-07-05 19:52:18,062  - INFO - Updating csv file...
2021-07-05 19:52:18,233  - INFO - Loaded the data from 2021-06-30 00:00:00 to 2021-07-05 19:52:18.062196
2021-07-05 19:54:00,620  - INFO - Loaded the data from 2020-12-31 00:00:00 to 2021-06-30 00:00:00
2021-07-05 19:54:00,621  - INFO - Updating csv file...
2021-07-05 19:54:00,950  - INFO - Loaded the data from 2021-06-30 00:00:00 to 2021-07-05 19:54:00.620744
2021-07-05 20:10:29,933  - INFO - Loaded the data from 2020-12-31 00:00:00 to 2021-06-30 00:00:00
2021-07-05 20:40:42,477  - INFO - Loaded the data from 2020-12-31 00:00:00 to 2021-06-30 00:00:00
2021-07-05 20:41:00,874  - INFO - Loaded the data from 2020-12-31 00:00:00 to 2021-06-30 00:00:00
